#
# A fatal error has been detected by the Java Runtime Environment:
#
#  SIGSEGV (0xb) at pc=0x00007ff1017087b0, pid=30942, tid=0x00007ff181539700
#
# JRE version: Java(TM) SE Runtime Environment (8.0_144-b01) (build 1.8.0_144-b01)
# Java VM: Java HotSpot(TM) 64-Bit Server VM (25.144-b01 mixed mode linux-amd64 compressed oops)
# Problematic frame:
# 
[error occurred during error reporting (printing problematic frame), id 0xb]

# Failed to write core dump. Core dumps have been disabled. To enable core dumping, try "ulimit -c unlimited" before starting Java again
#
# If you would like to submit a bug report, please visit:
#   http://bugreport.java.com/bugreport/crash.jsp
#

---------------  T H R E A D  ---------------

Current thread (0x00007ff198078000):  VMThread [stack: 0x00007ff181439000,0x00007ff18153a000] [id=30948]

siginfo: si_signo: 11 (SIGSEGV), si_code: 1 (SEGV_MAPERR), si_addr: 0xffffffff894101c2

Registers:
RAX=0x00007ff17c0aa970, RBX=0x0000000000000000, RCX=0x00007ff17c0aa980, RDX=0x00007ff1017087b0
RSP=0x00007ff181538a98, RBP=0x00007ff19e10b5f8, RSI=0x0000000000000000, RDI=0x00007ff101bc3760
R8 =0x00007ff1980008c0, R9 =0x0000000000000000, R10=0x0000000000000000, R11=0x0000000000000202
R12=0x0000000000000001, R13=0x00007ff17c0aa910, R14=0x00000000000003d8, R15=0x00007ff198027388
RIP=0x00007ff1017087b0, EFLAGS=0x0000000000010202, CSGSFS=0x0000000000000033, ERR=0x0000000000000007
  TRAPNO=0x000000000000000e

Top of Stack: (sp=0x00007ff181538a98)
0x00007ff181538a98:   00007ff19dd81fe8 00007ff19e9575e0
0x00007ff181538aa8:   0000000000000000 00007ff181538af0
0x00007ff181538ab8:   00007ff198077660 00007ff198026fa0
0x00007ff181538ac8:   00007ff19dd82035 00007ff181538af0
0x00007ff181538ad8:   00007ff19d3e1987 00007ff181538b10
0x00007ff181538ae8:   00007ff19e9575e0 00007ff181538b40
0x00007ff181538af8:   00007ff19d825685 00007ff181538b20
0x00007ff181538b08:   00007ff198026fb0 0000000001a5b788
0x00007ff181538b18:   0000000000000000 00007ff19e9575e0
0x00007ff181538b28:   00007ff198077660 00007ff198026fa0
0x00007ff181538b38:   00007ff19dcd0738 00007ff181538bf0
0x00007ff181538b48:   00007ff19d823a5a 00007ff19dd16da0
0x00007ff181538b58:   00007ff198026fb0 00007ff198027388
0x00007ff181538b68:   00000000000003d8 0000000000000000
0x00007ff181538b78:   000003e767e5f572 0000000400000301
0x00007ff181538b88:   00007ff198079220 0000000000000000
0x00007ff181538b98:   00007ff187ecd338 00007ff187ecd100
0x00007ff181538ba8:   0000000000000000 0000000000000000
0x00007ff181538bb8:   00007ff17b1fa1f0 00007ff19dd0c038
0x00007ff181538bc8:   0000000000000000 0000000000000000
0x00007ff181538bd8:   00007ff19dd0c038 00007ff198078000
0x00007ff181538be8:   00007ff19dd165b0 00007ff181538d90
0x00007ff181538bf8:   00007ff19d823dde 00007ff181538c10
0x00007ff181538c08:   00007ff181538d20 00007ff181538c18
0x00007ff181538c18:   6e69747563657845 65706f204d562067
0x00007ff181538c28:   203a6e6f69746172 6942650074697845
0x00007ff181538c38:   00656e6f64207361 6974616300656e6f
0x00007ff181538c48:   00656e6f64206e6f 0000000000000065
0x00007ff181538c58:   0000000000000000 0000000000000000
0x00007ff181538c68:   0000000000000000 0000000000000000
0x00007ff181538c78:   00007ff164000020 0000000000000138
0x00007ff181538c88:   0000000000000138 00007ff198078000 

Instructions: (pc=0x00007ff1017087b0)
0x00007ff101708790:   fe c7 84 24 d0 01 00 00 03 00 00 00 e8 ff ab ff
0x00007ff1017087a0:   ff 41 8b 96 f4 07 00 00 83 fa ff 0f 84 4f 23 00
0x00007ff1017087b0:   00 83 c2 01 41 89 96 f4 07 00 00 41 81 be f0 07
0x00007ff1017087c0:   00 00 ff ff ff 7f 0f 84 6d 05 00 00 4c 89 7c 24 

Register to memory mapping:

RAX=0x00007ff17c0aa970 is an unknown value
RBX=0x0000000000000000 is an unknown value
RCX=0x00007ff17c0aa980 is an unknown value
RDX=
[error occurred during error reporting (printing register info), id 0xb]

Stack: [0x00007ff181439000,0x00007ff18153a000],  sp=0x00007ff181538a98,  free space=1022k
Native frames: (J=compiled Java code, j=interpreted, Vv=VM code, C=native code)

[error occurred during error reporting (printing native stack), id 0xb]

VM_Operation (0x00007ff19e9575e0): Exit, mode: safepoint, requested by thread 0x00007ff19800a000


---------------  P R O C E S S  ---------------

Java Threads: ( => current thread )
  0x00007ff1981a2000 JavaThread "process reaper" daemon [_thread_blocked, id=3500, stack(0x00007ff180684000,0x00007ff1806bd000)]
  0x00007ff1400be000 JavaThread "Keep-Alive-Timer" daemon [_thread_blocked, id=3498, stack(0x00007ff178fde000,0x00007ff1790df000)]
  0x00007ff140289800 JavaThread "grizzly-http-server-7" [_thread_blocked, id=31026, stack(0x00007ff1033f4000,0x00007ff1034f5000)]
  0x00007ff140287800 JavaThread "grizzly-http-server-6" [_thread_blocked, id=31025, stack(0x00007ff1034f5000,0x00007ff1035f6000)]
  0x00007ff140285800 JavaThread "grizzly-http-server-5" [_thread_blocked, id=31024, stack(0x00007ff1035f6000,0x00007ff1036f7000)]
  0x00007ff140283800 JavaThread "grizzly-http-server-4" [_thread_blocked, id=31023, stack(0x00007ff1036f7000,0x00007ff1037f8000)]
  0x00007ff140281800 JavaThread "grizzly-http-server-3" [_thread_blocked, id=31022, stack(0x00007ff1037f8000,0x00007ff1038f9000)]
  0x00007ff14027f800 JavaThread "grizzly-http-server-2" [_thread_blocked, id=31021, stack(0x00007ff1038f9000,0x00007ff1039fa000)]
  0x00007ff14027d800 JavaThread "grizzly-http-server-1" [_thread_blocked, id=31020, stack(0x00007ff1039fa000,0x00007ff103afb000)]
  0x00007ff14027b800 JavaThread "grizzly-http-server-0" [_thread_blocked, id=31019, stack(0x00007ff103afb000,0x00007ff103bfc000)]
  0x00007ff140278800 JavaThread "grizzly-nio-kernel(5) SelectorRunner" daemon [_thread_in_native, id=31018, stack(0x00007ff103bfc000,0x00007ff103cfd000)]
  0x00007ff140276800 JavaThread "grizzly-nio-kernel(4) SelectorRunner" daemon [_thread_in_native, id=31017, stack(0x00007ff103cfd000,0x00007ff103dfe000)]
  0x00007ff140274800 JavaThread "grizzly-nio-kernel(3) SelectorRunner" daemon [_thread_in_native, id=31016, stack(0x00007ff103dfe000,0x00007ff103eff000)]
  0x00007ff140273000 JavaThread "grizzly-nio-kernel(2) SelectorRunner" daemon [_thread_in_native, id=31015, stack(0x00007ff103eff000,0x00007ff104000000)]
  0x00007ff140271800 JavaThread "grizzly-nio-kernel(1) SelectorRunner" daemon [_thread_in_native, id=31014, stack(0x00007ff1780cf000,0x00007ff1781d0000)]
  0x00007ff140270800 JavaThread "HttpServer-3-0" daemon [_thread_blocked, id=31013, stack(0x00007ff1781d0000,0x00007ff1782d1000)]
  0x00007ff1401de000 JavaThread "grizzly-http-server-7" [_thread_blocked, id=31012, stack(0x00007ff1782d1000,0x00007ff1783d2000)]
  0x00007ff1401dc000 JavaThread "grizzly-http-server-6" [_thread_blocked, id=31011, stack(0x00007ff1783d2000,0x00007ff1784d3000)]
  0x00007ff1401da000 JavaThread "grizzly-http-server-5" [_thread_blocked, id=31010, stack(0x00007ff1784d3000,0x00007ff1785d4000)]
  0x00007ff1401d8800 JavaThread "grizzly-http-server-4" [_thread_blocked, id=31009, stack(0x00007ff1785d4000,0x00007ff1786d5000)]
  0x00007ff1401d6800 JavaThread "grizzly-http-server-3" [_thread_blocked, id=31008, stack(0x00007ff1786d5000,0x00007ff1787d6000)]
  0x00007ff1401d4800 JavaThread "grizzly-http-server-2" [_thread_blocked, id=31007, stack(0x00007ff1787d6000,0x00007ff1788d7000)]
  0x00007ff1401d2800 JavaThread "grizzly-http-server-1" [_thread_blocked, id=31006, stack(0x00007ff1788d7000,0x00007ff1789d8000)]
  0x00007ff1401d0800 JavaThread "grizzly-http-server-0" [_thread_blocked, id=31005, stack(0x00007ff1789d8000,0x00007ff178ad9000)]
  0x00007ff1401ce800 JavaThread "grizzly-nio-kernel(5) SelectorRunner" daemon [_thread_in_native, id=31004, stack(0x00007ff178ad9000,0x00007ff178bda000)]
  0x00007ff1401cc800 JavaThread "grizzly-nio-kernel(4) SelectorRunner" daemon [_thread_in_native, id=31003, stack(0x00007ff178bda000,0x00007ff178cdb000)]
  0x00007ff1401cb000 JavaThread "grizzly-nio-kernel(3) SelectorRunner" daemon [_thread_in_native, id=31002, stack(0x00007ff178cdb000,0x00007ff178ddc000)]
  0x00007ff1401ca800 JavaThread "grizzly-nio-kernel(2) SelectorRunner" daemon [_thread_in_native, id=31001, stack(0x00007ff178ddc000,0x00007ff178edd000)]
  0x00007ff1401c9800 JavaThread "grizzly-nio-kernel(1) SelectorRunner" daemon [_thread_in_native, id=31000, stack(0x00007ff178edd000,0x00007ff178fde000)]
  0x00007ff1401c9000 JavaThread "HttpServer-2-0" daemon [_thread_blocked, id=30999, stack(0x00007ff1792df000,0x00007ff1793e0000)]
  0x00007ff1401b4800 JavaThread "pool-6-thread-1" [_thread_blocked, id=30996, stack(0x00007ff1793e0000,0x00007ff1794e1000)]
  0x00007ff1401b2800 JavaThread "pool-5-thread-1" [_thread_blocked, id=30995, stack(0x00007ff1796e1000,0x00007ff1797e2000)]
  0x00007ff140131800 JavaThread "grizzly-http-server-7" [_thread_blocked, id=30994, stack(0x00007ff1797e2000,0x00007ff1798e3000)]
  0x00007ff14012f800 JavaThread "grizzly-http-server-6" [_thread_blocked, id=30993, stack(0x00007ff1798e3000,0x00007ff1799e4000)]
  0x00007ff14012d800 JavaThread "grizzly-http-server-5" [_thread_blocked, id=30992, stack(0x00007ff1799e4000,0x00007ff179ae5000)]
  0x00007ff14012b800 JavaThread "grizzly-http-server-4" [_thread_blocked, id=30991, stack(0x00007ff179ae5000,0x00007ff179be6000)]
  0x00007ff140129800 JavaThread "grizzly-http-server-3" [_thread_blocked, id=30990, stack(0x00007ff179be6000,0x00007ff179ce7000)]
  0x00007ff140127800 JavaThread "grizzly-http-server-2" [_thread_blocked, id=30989, stack(0x00007ff179ce7000,0x00007ff179de8000)]
  0x00007ff140126000 JavaThread "grizzly-http-server-1" [_thread_blocked, id=30988, stack(0x00007ff179de8000,0x00007ff179ee9000)]
  0x00007ff1341eb000 JavaThread "grizzly-http-server-7" [_thread_blocked, id=30987, stack(0x00007ff179ee9000,0x00007ff179fea000)]
  0x00007ff1341e9000 JavaThread "grizzly-http-server-6" [_thread_blocked, id=30986, stack(0x00007ff179fea000,0x00007ff17a0eb000)]
  0x00007ff1341e7000 JavaThread "grizzly-http-server-5" [_thread_blocked, id=30985, stack(0x00007ff17a0eb000,0x00007ff17a1ec000)]
  0x00007ff1341e5000 JavaThread "grizzly-http-server-4" [_thread_blocked, id=30984, stack(0x00007ff17a1ec000,0x00007ff17a2ed000)]
  0x00007ff1341e3800 JavaThread "grizzly-http-server-3" [_thread_blocked, id=30983, stack(0x00007ff17a2ed000,0x00007ff17a3ee000)]
  0x00007ff1341e1800 JavaThread "grizzly-http-server-2" [_thread_blocked, id=30982, stack(0x00007ff17a3ee000,0x00007ff17a4ef000)]
  0x00007ff1341df800 JavaThread "grizzly-http-server-1" [_thread_blocked, id=30981, stack(0x00007ff17a4ef000,0x00007ff17a5f0000)]
  0x00007ff140124000 JavaThread "grizzly-http-server-0" [_thread_blocked, id=30980, stack(0x00007ff17a5f0000,0x00007ff17a6f1000)]
  0x00007ff1341dd800 JavaThread "grizzly-http-server-0" [_thread_blocked, id=30979, stack(0x00007ff17a6f1000,0x00007ff17a7f2000)]
  0x00007ff140122800 JavaThread "grizzly-nio-kernel(5) SelectorRunner" daemon [_thread_in_native, id=30978, stack(0x00007ff17a7f2000,0x00007ff17a8f3000)]
  0x00007ff1341dc000 JavaThread "grizzly-nio-kernel(5) SelectorRunner" daemon [_thread_in_native, id=30977, stack(0x00007ff17a8f3000,0x00007ff17a9f4000)]
  0x00007ff1341da000 JavaThread "grizzly-nio-kernel(4) SelectorRunner" daemon [_thread_in_native, id=30976, stack(0x00007ff17a9f4000,0x00007ff17aaf5000)]
  0x00007ff140120800 JavaThread "grizzly-nio-kernel(4) SelectorRunner" daemon [_thread_in_native, id=30975, stack(0x00007ff17aaf5000,0x00007ff17abf6000)]
  0x00007ff1341d8800 JavaThread "grizzly-nio-kernel(3) SelectorRunner" daemon [_thread_in_native, id=30974, stack(0x00007ff17abf6000,0x00007ff17acf7000)]
  0x00007ff14011f000 JavaThread "grizzly-nio-kernel(3) SelectorRunner" daemon [_thread_in_native, id=30973, stack(0x00007ff17acf7000,0x00007ff17adf8000)]
  0x00007ff14011d000 JavaThread "grizzly-nio-kernel(2) SelectorRunner" daemon [_thread_in_native, id=30972, stack(0x00007ff17adf8000,0x00007ff17aef9000)]
  0x00007ff1341d7000 JavaThread "grizzly-nio-kernel(2) SelectorRunner" daemon [_thread_in_native, id=30971, stack(0x00007ff17aef9000,0x00007ff17affa000)]
  0x00007ff14011c000 JavaThread "grizzly-nio-kernel(1) SelectorRunner" daemon [_thread_in_native, id=30970, stack(0x00007ff17affa000,0x00007ff17b0fb000)]
  0x00007ff1341d5800 JavaThread "grizzly-nio-kernel(1) SelectorRunner" daemon [_thread_in_native, id=30969, stack(0x00007ff17b0fb000,0x00007ff17b1fc000)]
  0x00007ff1400f4800 JavaThread "HttpServer-1-0" daemon [_thread_blocked, id=30968, stack(0x00007ff17b1fc000,0x00007ff17b2fd000)]
  0x00007ff13418f000 JavaThread "HttpServer-0" daemon [_thread_blocked, id=30967, stack(0x00007ff17b2fd000,0x00007ff17b3fe000)]
  0x00007ff1982e3000 JavaThread "batfishThread" [_thread_blocked, id=30966, stack(0x00007ff17bbfe000,0x00007ff17bcff000)]
  0x00007ff1982e1000 JavaThread "coordinatorThread" [_thread_blocked, id=30965, stack(0x00007ff18005a000,0x00007ff18015b000)]
  0x00007ff1982cf800 JavaThread "NonBlockingInputStreamThread" daemon [_thread_blocked, id=30964, stack(0x00007ff180583000,0x00007ff180684000)]
  0x00007ff1980c1000 JavaThread "Service Thread" daemon [_thread_blocked, id=30955, stack(0x00007ff180a12000,0x00007ff180b13000)]
  0x00007ff1980be000 JavaThread "C1 CompilerThread2" daemon [_thread_blocked, id=30954, stack(0x00007ff180b13000,0x00007ff180c14000)]
  0x00007ff1980bc000 JavaThread "C2 CompilerThread1" daemon [_thread_blocked, id=30953, stack(0x00007ff180c14000,0x00007ff180d15000)]
  0x00007ff1980b9000 JavaThread "C2 CompilerThread0" daemon [_thread_blocked, id=30952, stack(0x00007ff180d15000,0x00007ff180e16000)]
  0x00007ff1980b5000 JavaThread "Signal Dispatcher" daemon [_thread_blocked, id=30951, stack(0x00007ff180e16000,0x00007ff180f17000)]
  0x00007ff198084000 JavaThread "Finalizer" daemon [_thread_blocked, id=30950, stack(0x00007ff181237000,0x00007ff181338000)]
  0x00007ff19807f800 JavaThread "Reference Handler" daemon [_thread_blocked, id=30949, stack(0x00007ff181338000,0x00007ff181439000)]
  0x00007ff19800a000 JavaThread "main" [_thread_blocked, id=30943, stack(0x00007ff19e858000,0x00007ff19e959000)]

Other Threads:
=>0x00007ff198078000 VMThread [stack: 0x00007ff181439000,0x00007ff18153a000] [id=30948]

VM state:at safepoint (shutting down)

VM Mutex/Monitor currently owned by a thread:  ([mutex/lock_event])
[0x00007ff198005e40] Threads_lock - owner thread: 0x00007ff198078000

Heap:
 PSYoungGen      total 172032K, used 56508K [0x00000000d6b00000, 0x00000000e2b00000, 0x0000000100000000)
  eden space 159744K, 31% used [0x00000000d6b00000,0x00000000d9bb7308,0x00000000e0700000)
  from space 12288K, 53% used [0x00000000e1f00000,0x00000000e2578070,0x00000000e2b00000)
  to   space 18432K, 0% used [0x00000000e0700000,0x00000000e0700000,0x00000000e1900000)
 ParOldGen       total 89088K, used 31114K [0x0000000084000000, 0x0000000089700000, 0x00000000d6b00000)
  object space 89088K, 34% used [0x0000000084000000,0x0000000085e62b08,0x0000000089700000)
 Metaspace       used 45218K, capacity 46303K, committed 46592K, reserved 1089536K
  class space    used 5608K, capacity 5848K, committed 5888K, reserved 1048576K

Card table byte_map: [0x00007ff1875ff000,0x00007ff1879e0000] byte_map_base: 0x00007ff1871df000

Marking Bits: (ParMarkBitMap*) 0x00007ff19dd1adc0
 Begin Bits: [0x00007ff183266000, 0x00007ff185166000)
 End Bits:   [0x00007ff185166000, 0x00007ff187066000)

Polling page: 0x00007ff19e96a000

CodeCache: size=245760Kb used=23455Kb max_used=23468Kb free=222304Kb
 bounds [0x00007ff187da0000, 0x00007ff1894c0000, 0x00007ff196da0000]
 total_blobs=7590 nmethods=7078 adapters=425
 compilation: enabled

Compilation events (10 events):
Event: 4292.376 Thread 0x00007ff1980be000 8435       3       jline.console.history.MemoryHistory$EntriesIterator::hasNext (10 bytes)
Event: 4292.376 Thread 0x00007ff1980be000 nmethod 8435 0x00007ff1885a9e50 code [0x00007ff1885a9fc0, 0x00007ff1885aa1e8]
Event: 4292.377 Thread 0x00007ff1980be000 8436       3       jline.console.history.MemoryHistory$EntriesIterator::next (5 bytes)
Event: 4292.377 Thread 0x00007ff1980be000 nmethod 8436 0x00007ff1894aa1d0 code [0x00007ff1894aa340, 0x00007ff1894aa4e8]
Event: 4292.377 Thread 0x00007ff1980b9000 nmethod 8430 0x00007ff1894a63d0 code [0x00007ff1894a6540, 0x00007ff1894a6a78]
Event: 4292.377 Thread 0x00007ff1980b9000 8434  s    4       java.io.BufferedOutputStream::write (67 bytes)
Event: 4292.384 Thread 0x00007ff1980b9000 nmethod 8434 0x00007ff1894ab790 code [0x00007ff1894ab900, 0x00007ff1894abee8]
Event: 4292.392 Thread 0x00007ff1980bc000 nmethod 8429 0x00007ff1894ac590 code [0x00007ff1894ac780, 0x00007ff1894ad5b0]
Event: 4292.413 Thread 0x00007ff1980be000 8437       3       java.util.logging.LogManager$LoggerContext::ensureInitialized (24 bytes)
Event: 4292.414 Thread 0x00007ff1980be000 nmethod 8437 0x00007ff1894aab90 code [0x00007ff1894aad60, 0x00007ff1894ab588]

GC Heap History (10 events):
Event: 1169.001 GC heap before
{Heap before GC invocations=12 (full 2):
 PSYoungGen      total 165376K, used 163608K [0x00000000d6b00000, 0x00000000e3e80000, 0x0000000100000000)
  eden space 150528K, 100% used [0x00000000d6b00000,0x00000000dfe00000,0x00000000dfe00000)
  from space 14848K, 88% used [0x00000000dfe00000,0x00000000e0ac6108,0x00000000e0c80000)
  to   space 15360K, 0% used [0x00000000e2f80000,0x00000000e2f80000,0x00000000e3e80000)
 ParOldGen       total 89088K, used 22131K [0x0000000084000000, 0x0000000089700000, 0x00000000d6b00000)
  object space 89088K, 24% used [0x0000000084000000,0x000000008559cd80,0x0000000089700000)
 Metaspace       used 44149K, capacity 45215K, committed 45312K, reserved 1089536K
  class space    used 5603K, capacity 5848K, committed 5888K, reserved 1048576K
Event: 1169.025 GC heap after
Heap after GC invocations=12 (full 2):
 PSYoungGen      total 199680K, used 13865K [0x00000000d6b00000, 0x00000000e3f00000, 0x0000000100000000)
  eden space 184320K, 0% used [0x00000000d6b00000,0x00000000d6b00000,0x00000000e1f00000)
  from space 15360K, 90% used [0x00000000e2f80000,0x00000000e3d0a7a0,0x00000000e3e80000)
  to   space 16384K, 0% used [0x00000000e1f00000,0x00000000e1f00000,0x00000000e2f00000)
 ParOldGen       total 89088K, used 22139K [0x0000000084000000, 0x0000000089700000, 0x00000000d6b00000)
  object space 89088K, 24% used [0x0000000084000000,0x000000008559ed80,0x0000000089700000)
 Metaspace       used 44149K, capacity 45215K, committed 45312K, reserved 1089536K
  class space    used 5603K, capacity 5848K, committed 5888K, reserved 1048576K
}
Event: 1855.285 GC heap before
{Heap before GC invocations=13 (full 2):
 PSYoungGen      total 199680K, used 198185K [0x00000000d6b00000, 0x00000000e3f00000, 0x0000000100000000)
  eden space 184320K, 100% used [0x00000000d6b00000,0x00000000e1f00000,0x00000000e1f00000)
  from space 15360K, 90% used [0x00000000e2f80000,0x00000000e3d0a7a0,0x00000000e3e80000)
  to   space 16384K, 0% used [0x00000000e1f00000,0x00000000e1f00000,0x00000000e2f00000)
 ParOldGen       total 89088K, used 22139K [0x0000000084000000, 0x0000000089700000, 0x00000000d6b00000)
  object space 89088K, 24% used [0x0000000084000000,0x000000008559ed80,0x0000000089700000)
 Metaspace       used 44480K, capacity 45535K, committed 45824K, reserved 1089536K
  class space    used 5604K, capacity 5848K, committed 5888K, reserved 1048576K
Event: 1855.331 GC heap after
Heap after GC invocations=13 (full 2):
 PSYoungGen      total 192512K, used 14746K [0x00000000d6b00000, 0x00000000e3a80000, 0x0000000100000000)
  eden space 177664K, 0% used [0x00000000d6b00000,0x00000000d6b00000,0x00000000e1880000)
  from space 14848K, 99% used [0x00000000e1f00000,0x00000000e2d668c0,0x00000000e2d80000)
  to   space 13312K, 0% used [0x00000000e2d80000,0x00000000e2d80000,0x00000000e3a80000)
 ParOldGen       total 89088K, used 22147K [0x0000000084000000, 0x0000000089700000, 0x00000000d6b00000)
  object space 89088K, 24% used [0x0000000084000000,0x00000000855a0d80,0x0000000089700000)
 Metaspace       used 44480K, capacity 45535K, committed 45824K, reserved 1089536K
  class space    used 5604K, capacity 5848K, committed 5888K, reserved 1048576K
}
Event: 2626.808 GC heap before
{Heap before GC invocations=14 (full 2):
 PSYoungGen      total 192512K, used 192410K [0x00000000d6b00000, 0x00000000e3a80000, 0x0000000100000000)
  eden space 177664K, 100% used [0x00000000d6b00000,0x00000000e1880000,0x00000000e1880000)
  from space 14848K, 99% used [0x00000000e1f00000,0x00000000e2d668c0,0x00000000e2d80000)
  to   space 13312K, 0% used [0x00000000e2d80000,0x00000000e2d80000,0x00000000e3a80000)
 ParOldGen       total 89088K, used 22147K [0x0000000084000000, 0x0000000089700000, 0x00000000d6b00000)
  object space 89088K, 24% used [0x0000000084000000,0x00000000855a0d80,0x0000000089700000)
 Metaspace       used 44751K, capacity 45855K, committed 46080K, reserved 1089536K
  class space    used 5605K, capacity 5848K, committed 5888K, reserved 1048576K
Event: 2626.830 GC heap after
Heap after GC invocations=14 (full 2):
 PSYoungGen      total 184832K, used 13281K [0x00000000d6b00000, 0x00000000e3a80000, 0x0000000100000000)
  eden space 171520K, 0% used [0x00000000d6b00000,0x00000000d6b00000,0x00000000e1280000)
  from space 13312K, 99% used [0x00000000e2d80000,0x00000000e3a78620,0x00000000e3a80000)
  to   space 17920K, 0% used [0x00000000e1780000,0x00000000e1780000,0x00000000e2900000)
 ParOldGen       total 89088K, used 23667K [0x0000000084000000, 0x0000000089700000, 0x00000000d6b00000)
  object space 89088K, 26% used [0x0000000084000000,0x000000008571cd80,0x0000000089700000)
 Metaspace       used 44751K, capacity 45855K, committed 46080K, reserved 1089536K
  class space    used 5605K, capacity 5848K, committed 5888K, reserved 1048576K
}
Event: 3368.095 GC heap before
{Heap before GC invocations=15 (full 2):
 PSYoungGen      total 184832K, used 184801K [0x00000000d6b00000, 0x00000000e3a80000, 0x0000000100000000)
  eden space 171520K, 100% used [0x00000000d6b00000,0x00000000e1280000,0x00000000e1280000)
  from space 13312K, 99% used [0x00000000e2d80000,0x00000000e3a78620,0x00000000e3a80000)
  to   space 17920K, 0% used [0x00000000e1780000,0x00000000e1780000,0x00000000e2900000)
 ParOldGen       total 89088K, used 23667K [0x0000000084000000, 0x0000000089700000, 0x00000000d6b00000)
  object space 89088K, 26% used [0x0000000084000000,0x000000008571cd80,0x0000000089700000)
 Metaspace       used 44814K, capacity 45855K, committed 46080K, reserved 1089536K
  class space    used 5606K, capacity 5848K, committed 5888K, reserved 1048576K
Event: 3368.120 GC heap after
Heap after GC invocations=15 (full 2):
 PSYoungGen      total 173056K, used 7216K [0x00000000d6b00000, 0x00000000e3080000, 0x0000000100000000)
  eden space 165376K, 0% used [0x00000000d6b00000,0x00000000d6b00000,0x00000000e0c80000)
  from space 7680K, 93% used [0x00000000e1780000,0x00000000e1e8c080,0x00000000e1f00000)
  to   space 17920K, 0% used [0x00000000e1f00000,0x00000000e1f00000,0x00000000e3080000)
 ParOldGen       total 89088K, used 31114K [0x0000000084000000, 0x0000000089700000, 0x00000000d6b00000)
  object space 89088K, 34% used [0x0000000084000000,0x0000000085e62b08,0x0000000089700000)
 Metaspace       used 44814K, capacity 45855K, committed 46080K, reserved 1089536K
  class space    used 5606K, capacity 5848K, committed 5888K, reserved 1048576K
}
Event: 4089.319 GC heap before
{Heap before GC invocations=16 (full 2):
 PSYoungGen      total 173056K, used 172592K [0x00000000d6b00000, 0x00000000e3080000, 0x0000000100000000)
  eden space 165376K, 100% used [0x00000000d6b00000,0x00000000e0c80000,0x00000000e0c80000)
  from space 7680K, 93% used [0x00000000e1780000,0x00000000e1e8c080,0x00000000e1f00000)
  to   space 17920K, 0% used [0x00000000e1f00000,0x00000000e1f00000,0x00000000e3080000)
 ParOldGen       total 89088K, used 31114K [0x0000000084000000, 0x0000000089700000, 0x00000000d6b00000)
  object space 89088K, 34% used [0x0000000084000000,0x0000000085e62b08,0x0000000089700000)
 Metaspace       used 45205K, capacity 46239K, committed 46336K, reserved 1089536K
  class space    used 5606K, capacity 5848K, committed 5888K, reserved 1048576K
Event: 4089.334 GC heap after
Heap after GC invocations=16 (full 2):
 PSYoungGen      total 172032K, used 6624K [0x00000000d6b00000, 0x00000000e2b00000, 0x0000000100000000)
  eden space 159744K, 0% used [0x00000000d6b00000,0x00000000d6b00000,0x00000000e0700000)
  from space 12288K, 53% used [0x00000000e1f00000,0x00000000e2578070,0x00000000e2b00000)
  to   space 18432K, 0% used [0x00000000e0700000,0x00000000e0700000,0x00000000e1900000)
 ParOldGen       total 89088K, used 31114K [0x0000000084000000, 0x0000000089700000, 0x00000000d6b00000)
  object space 89088K, 34% used [0x0000000084000000,0x0000000085e62b08,0x0000000089700000)
 Metaspace       used 45205K, capacity 46239K, committed 46336K, reserved 1089536K
  class space    used 5606K, capacity 5848K, committed 5888K, reserved 1048576K
}

Deoptimization events (10 events):
Event: 354.606 Thread 0x00007ff19800a000 Uncommon trap: reason=null_check action=make_not_entrant pc=0x00007ff188df771c method=java.lang.Class.getGenericSuperclass()Ljava/lang/reflect/Type; @ 10
Event: 983.667 Thread 0x00007ff1341df800 Uncommon trap: reason=predicate action=maybe_recompile pc=0x00007ff18830d2c8 method=java.util.regex.Pattern$Slice.match(Ljava/util/regex/Matcher;ILjava/lang/CharSequence;)Z @ 21
Event: 1396.868 Thread 0x00007ff19800a000 Uncommon trap: reason=class_check action=maybe_recompile pc=0x00007ff1891502ec method=java.util.Collections$UnmodifiableMap$UnmodifiableEntrySet$UnmodifiableEntry.<init>(Ljava/util/Map$Entry;)V @ 9
Event: 1396.868 Thread 0x00007ff19800a000 Uncommon trap: reason=class_check action=maybe_recompile pc=0x00007ff1891502ec method=java.util.Collections$UnmodifiableMap$UnmodifiableEntrySet$UnmodifiableEntry.<init>(Ljava/util/Map$Entry;)V @ 9
Event: 1396.868 Thread 0x00007ff19800a000 Uncommon trap: reason=class_check action=maybe_recompile pc=0x00007ff1891502ec method=java.util.Collections$UnmodifiableMap$UnmodifiableEntrySet$UnmodifiableEntry.<init>(Ljava/util/Map$Entry;)V @ 9
Event: 1396.868 Thread 0x00007ff19800a000 Uncommon trap: reason=class_check action=maybe_recompile pc=0x00007ff1891502ec method=java.util.Collections$UnmodifiableMap$UnmodifiableEntrySet$UnmodifiableEntry.<init>(Ljava/util/Map$Entry;)V @ 9
Event: 1397.473 Thread 0x00007ff19800a000 Uncommon trap: reason=null_check action=make_not_entrant pc=0x00007ff188de98c8 method=com.fasterxml.jackson.databind.type.TypeFactory._fromClass(Lcom/fasterxml/jackson/databind/type/ClassStack;Ljava/lang/Class;Lcom/fasterxml/jackson/databind/type/TypeBind
Event: 4089.334 Thread 0x00007ff1401b2800 Uncommon trap: reason=unstable_if action=reinterpret pc=0x00007ff18841d210 method=java.util.WeakHashMap.transfer([Ljava/util/WeakHashMap$Entry;[Ljava/util/WeakHashMap$Entry;)V @ 38
Event: 4089.334 Thread 0x00007ff1401b2800 Uncommon trap: reason=unstable_if action=reinterpret pc=0x00007ff188256aa0 method=java.util.WeakHashMap.transfer([Ljava/util/WeakHashMap$Entry;[Ljava/util/WeakHashMap$Entry;)V @ 38
Event: 4089.336 Thread 0x00007ff1401b2800 Uncommon trap: reason=unstable_if action=reinterpret pc=0x00007ff1882dd100 method=java.util.WeakHashMap.expungeStaleEntries()V @ 53

Internal exceptions (10 events):
Event: 352.966 Thread 0x00007ff1401d4800 Exception <a 'sun/nio/fs/UnixException'> (0x00000000dbd48980) thrown at [/HUDSON3/workspace/8-2-build-linux-amd64/jdk8u144/9417/hotspot/src/share/vm/prims/jni.cpp, line 709]
Event: 353.101 Thread 0x00007ff1500aa000 Exception <a 'sun/nio/fs/UnixException'> (0x00000000dc3d43d0) thrown at [/HUDSON3/workspace/8-2-build-linux-amd64/jdk8u144/9417/hotspot/src/share/vm/prims/jni.cpp, line 709]
Event: 353.102 Thread 0x00007ff1500aa000 Exception <a 'sun/nio/fs/UnixException'> (0x00000000dc3d5d58) thrown at [/HUDSON3/workspace/8-2-build-linux-amd64/jdk8u144/9417/hotspot/src/share/vm/prims/jni.cpp, line 709]
Event: 353.102 Thread 0x00007ff1500aa000 Exception <a 'sun/nio/fs/UnixException'> (0x00000000dc3d6350) thrown at [/HUDSON3/workspace/8-2-build-linux-amd64/jdk8u144/9417/hotspot/src/share/vm/prims/jni.cpp, line 709]
Event: 353.102 Thread 0x00007ff1500aa000 Exception <a 'sun/nio/fs/UnixException'> (0x00000000dc3d6948) thrown at [/HUDSON3/workspace/8-2-build-linux-amd64/jdk8u144/9417/hotspot/src/share/vm/prims/jni.cpp, line 709]
Event: 1396.654 Thread 0x00007ff1401da000 Exception <a 'sun/nio/fs/UnixException'> (0x00000000da44d7c8) thrown at [/HUDSON3/workspace/8-2-build-linux-amd64/jdk8u144/9417/hotspot/src/share/vm/prims/jni.cpp, line 709]
Event: 1396.786 Thread 0x00007ff130085000 Exception <a 'sun/nio/fs/UnixException'> (0x00000000dab529f8) thrown at [/HUDSON3/workspace/8-2-build-linux-amd64/jdk8u144/9417/hotspot/src/share/vm/prims/jni.cpp, line 709]
Event: 1396.787 Thread 0x00007ff130085000 Exception <a 'sun/nio/fs/UnixException'> (0x00000000dab54380) thrown at [/HUDSON3/workspace/8-2-build-linux-amd64/jdk8u144/9417/hotspot/src/share/vm/prims/jni.cpp, line 709]
Event: 1396.787 Thread 0x00007ff130085000 Exception <a 'sun/nio/fs/UnixException'> (0x00000000dab54978) thrown at [/HUDSON3/workspace/8-2-build-linux-amd64/jdk8u144/9417/hotspot/src/share/vm/prims/jni.cpp, line 709]
Event: 1396.787 Thread 0x00007ff130085000 Exception <a 'sun/nio/fs/UnixException'> (0x00000000dab54f70) thrown at [/HUDSON3/workspace/8-2-build-linux-amd64/jdk8u144/9417/hotspot/src/share/vm/prims/jni.cpp, line 709]

Events (10 events):
Event: 4292.392 Thread 0x00007ff1980bc000 flushing nmethod 0x00007ff188ff7e50
Event: 4292.412 Thread 0x00007ff19826e800 Thread added: 0x00007ff19826e800
Event: 4292.412 Thread 0x00007ff1983ba800 Thread added: 0x00007ff1983ba800
Event: 4292.413 Thread 0x00007ff1983ba800 Thread exited: 0x00007ff1983ba800
Event: 4292.414 Executing VM operation: RevokeBias
Event: 4292.414 Executing VM operation: RevokeBias done
Event: 4292.414 Executing VM operation: RevokeBias
Event: 4292.414 Executing VM operation: RevokeBias done
Event: 4292.415 Thread 0x00007ff19826e800 Thread exited: 0x00007ff19826e800
Event: 4292.415 Executing VM operation: Exit


Dynamic libraries:
00400000-00401000 r-xp 00000000 08:01 1652455                            /usr/lib/jvm/java-8-oracle/jre/bin/java
00600000-00601000 rw-p 00000000 08:01 1652455                            /usr/lib/jvm/java-8-oracle/jre/bin/java
02406000-024d4000 rw-p 00000000 00:00 0                                  [heap]
84000000-89700000 rw-p 00000000 00:00 0 
89700000-d6b00000 ---p 00000000 00:00 0 
d6b00000-e2b00000 rw-p 00000000 00:00 0 
e2b00000-100000000 ---p 00000000 00:00 0 
100000000-1005c0000 rw-p 00000000 00:00 0 
1005c0000-140000000 ---p 00000000 00:00 0 
7ff0fbc00000-7ff0fbdc0000 rw-p 00000000 00:00 0 
7ff0fbdc0000-7ff0fbe00000 ---p 00000000 00:00 0 
7ff0fbe00000-7ff0fc000000 rw-p 00000000 00:00 0 
7ff0fc000000-7ff0fc286000 rw-p 00000000 00:00 0 
7ff0fc286000-7ff100000000 ---p 00000000 00:00 0 
7ff100044000-7ff10005a000 r-xp 00000000 08:01 1704001                    /lib/x86_64-linux-gnu/libgcc_s.so.1
7ff10005a000-7ff100259000 ---p 00016000 08:01 1704001                    /lib/x86_64-linux-gnu/libgcc_s.so.1
7ff100259000-7ff10025a000 rw-p 00015000 08:01 1704001                    /lib/x86_64-linux-gnu/libgcc_s.so.1
7ff10025a000-7ff10027b000 r-xp 00000000 08:01 1323335                    /usr/lib/x86_64-linux-gnu/libgomp.so.1.0.0
7ff10027b000-7ff10047a000 ---p 00021000 08:01 1323335                    /usr/lib/x86_64-linux-gnu/libgomp.so.1.0.0
7ff10047a000-7ff10047b000 r--p 00020000 08:01 1323335                    /usr/lib/x86_64-linux-gnu/libgomp.so.1.0.0
7ff10047b000-7ff10047c000 rw-p 00021000 08:01 1323335                    /usr/lib/x86_64-linux-gnu/libgomp.so.1.0.0
7ff10047c000-7ff1005ee000 r-xp 00000000 08:01 1312514                    /usr/lib/x86_64-linux-gnu/libstdc++.so.6.0.21
7ff1005ee000-7ff1007ee000 ---p 00172000 08:01 1312514                    /usr/lib/x86_64-linux-gnu/libstdc++.so.6.0.21
7ff1007ee000-7ff1007f8000 r--p 00172000 08:01 1312514                    /usr/lib/x86_64-linux-gnu/libstdc++.so.6.0.21
7ff1007f8000-7ff1007fa000 rw-p 0017c000 08:01 1312514                    /usr/lib/x86_64-linux-gnu/libstdc++.so.6.0.21
7ff1007fa000-7ff1007fe000 rw-p 00000000 00:00 0 
7ff1007fe000-7ff1019a1000 r-xp 00000000 08:01 1440940                    /usr/lib/libz3.so (deleted)
7ff1019a1000-7ff101ba0000 ---p 011a3000 08:01 1440940                    /usr/lib/libz3.so (deleted)
7ff101ba0000-7ff101bc0000 r--p 011a2000 08:01 1440940                    /usr/lib/libz3.so (deleted)
7ff101bc0000-7ff101bc3000 rw-p 011c2000 08:01 1440940                    /usr/lib/libz3.so (deleted)
7ff101bc3000-7ff101bc4000 rw-p 00000000 00:00 0 
7ff101bc4000-7ff101bec000 r-xp 00000000 08:01 1440936                    /usr/lib/libz3java.so (deleted)
7ff101bec000-7ff101deb000 ---p 00028000 08:01 1440936                    /usr/lib/libz3java.so (deleted)
7ff101deb000-7ff101dec000 r--p 00027000 08:01 1440936                    /usr/lib/libz3java.so (deleted)
7ff101dec000-7ff101dee000 rw-p 00028000 08:01 1440936                    /usr/lib/libz3java.so (deleted)
7ff101dee000-7ff101fee000 rw-p 00000000 00:00 0 
7ff101fee000-7ff101ff1000 ---p 00000000 00:00 0 
7ff101ff1000-7ff1022ef000 rw-p 00000000 00:00 0 
7ff1022ef000-7ff1024ef000 rw-p 00000000 00:00 0 
7ff1024ef000-7ff1026ef000 rw-p 00000000 00:00 0 
7ff1026ef000-7ff1028ef000 rw-p 00000000 00:00 0 
7ff1028ef000-7ff102aef000 rw-p 00000000 00:00 0 
7ff102aef000-7ff102af2000 ---p 00000000 00:00 0 
7ff102af2000-7ff102bf0000 rw-p 00000000 00:00 0 
7ff102bf0000-7ff102bf3000 ---p 00000000 00:00 0 
7ff102bf3000-7ff102cf1000 rw-p 00000000 00:00 0 
7ff102cf1000-7ff102cf4000 ---p 00000000 00:00 0 
7ff102cf4000-7ff102df2000 rw-p 00000000 00:00 0 
7ff102df2000-7ff102df5000 ---p 00000000 00:00 0 
7ff102df5000-7ff102ef3000 rw-p 00000000 00:00 0 
7ff102ef3000-7ff102ef6000 ---p 00000000 00:00 0 
7ff102ef6000-7ff1031f4000 rw-p 00000000 00:00 0 
7ff1031f4000-7ff1033f4000 rw-p 00000000 00:00 0 
7ff1033f4000-7ff1033f7000 ---p 00000000 00:00 0 
7ff1033f7000-7ff1034f5000 rw-p 00000000 00:00 0                          [stack:31026]
7ff1034f5000-7ff1034f8000 ---p 00000000 00:00 0 
7ff1034f8000-7ff1035f6000 rw-p 00000000 00:00 0                          [stack:31025]
7ff1035f6000-7ff1035f9000 ---p 00000000 00:00 0 
7ff1035f9000-7ff1036f7000 rw-p 00000000 00:00 0                          [stack:31024]
7ff1036f7000-7ff1036fa000 ---p 00000000 00:00 0 
7ff1036fa000-7ff1037f8000 rw-p 00000000 00:00 0                          [stack:31023]
7ff1037f8000-7ff1037fb000 ---p 00000000 00:00 0 
7ff1037fb000-7ff1038f9000 rw-p 00000000 00:00 0                          [stack:31022]
7ff1038f9000-7ff1038fc000 ---p 00000000 00:00 0 
7ff1038fc000-7ff1039fa000 rw-p 00000000 00:00 0                          [stack:31021]
7ff1039fa000-7ff1039fd000 ---p 00000000 00:00 0 
7ff1039fd000-7ff103afb000 rw-p 00000000 00:00 0                          [stack:31020]
7ff103afb000-7ff103afe000 ---p 00000000 00:00 0 
7ff103afe000-7ff103bfc000 rw-p 00000000 00:00 0                          [stack:31019]
7ff103bfc000-7ff103bff000 ---p 00000000 00:00 0 
7ff103bff000-7ff103cfd000 rw-p 00000000 00:00 0                          [stack:31018]
7ff103cfd000-7ff103d00000 ---p 00000000 00:00 0 
7ff103d00000-7ff103dfe000 rw-p 00000000 00:00 0                          [stack:31017]
7ff103dfe000-7ff103e01000 ---p 00000000 00:00 0 
7ff103e01000-7ff103eff000 rw-p 00000000 00:00 0                          [stack:31016]
7ff103eff000-7ff103f02000 ---p 00000000 00:00 0 
7ff103f02000-7ff104000000 rw-p 00000000 00:00 0                          [stack:31015]
7ff104000000-7ff104021000 rw-p 00000000 00:00 0 
7ff104021000-7ff108000000 ---p 00000000 00:00 0 
7ff108000000-7ff108057000 rw-p 00000000 00:00 0 
7ff108057000-7ff10c000000 ---p 00000000 00:00 0 
7ff10c000000-7ff10c084000 rw-p 00000000 00:00 0 
7ff10c084000-7ff110000000 ---p 00000000 00:00 0 
7ff110000000-7ff11025d000 rw-p 00000000 00:00 0 
7ff11025d000-7ff114000000 ---p 00000000 00:00 0 
7ff114000000-7ff114085000 rw-p 00000000 00:00 0 
7ff114085000-7ff118000000 ---p 00000000 00:00 0 
7ff118000000-7ff118021000 rw-p 00000000 00:00 0 
7ff118021000-7ff11c000000 ---p 00000000 00:00 0 
7ff11c000000-7ff11c021000 rw-p 00000000 00:00 0 
7ff11c021000-7ff120000000 ---p 00000000 00:00 0 
7ff120000000-7ff120021000 rw-p 00000000 00:00 0 
7ff120021000-7ff124000000 ---p 00000000 00:00 0 
7ff124000000-7ff1240ec000 rw-p 00000000 00:00 0 
7ff1240ec000-7ff128000000 ---p 00000000 00:00 0 
7ff128000000-7ff128095000 rw-p 00000000 00:00 0 
7ff128095000-7ff12c000000 ---p 00000000 00:00 0 
7ff12c000000-7ff12c294000 rw-p 00000000 00:00 0 
7ff12c294000-7ff130000000 ---p 00000000 00:00 0 
7ff130000000-7ff130095000 rw-p 00000000 00:00 0 
7ff130095000-7ff134000000 ---p 00000000 00:00 0 
7ff134000000-7ff134291000 rw-p 00000000 00:00 0 
7ff134291000-7ff138000000 ---p 00000000 00:00 0 
7ff138000000-7ff1381da000 rw-p 00000000 00:00 0 
7ff1381da000-7ff13c000000 ---p 00000000 00:00 0 
7ff13c000000-7ff13c05f000 rw-p 00000000 00:00 0 
7ff13c05f000-7ff140000000 ---p 00000000 00:00 0 
7ff140000000-7ff140320000 rw-p 00000000 00:00 0 
7ff140320000-7ff144000000 ---p 00000000 00:00 0 
7ff144000000-7ff1440fa000 rw-p 00000000 00:00 0 
7ff1440fa000-7ff148000000 ---p 00000000 00:00 0 
7ff148000000-7ff1482a3000 rw-p 00000000 00:00 0 
7ff1482a3000-7ff14c000000 ---p 00000000 00:00 0 
7ff14c000000-7ff14ce56000 rw-p 00000000 00:00 0 
7ff14ce56000-7ff150000000 ---p 00000000 00:00 0 
7ff150000000-7ff1503a0000 rw-p 00000000 00:00 0 
7ff1503a0000-7ff154000000 ---p 00000000 00:00 0 
7ff154000000-7ff155dfe000 rw-p 00000000 00:00 0 
7ff155dfe000-7ff158000000 ---p 00000000 00:00 0 
7ff158000000-7ff15bffd000 rw-p 00000000 00:00 0 
7ff15bffd000-7ff15c000000 ---p 00000000 00:00 0 
7ff15c000000-7ff15c08c000 rw-p 00000000 00:00 0 
7ff15c08c000-7ff160000000 ---p 00000000 00:00 0 
7ff160000000-7ff160087000 rw-p 00000000 00:00 0 
7ff160087000-7ff164000000 ---p 00000000 00:00 0 
7ff164000000-7ff164209000 rw-p 00000000 00:00 0 
7ff164209000-7ff168000000 ---p 00000000 00:00 0 
7ff168000000-7ff1680a0000 rw-p 00000000 00:00 0 
7ff1680a0000-7ff16c000000 ---p 00000000 00:00 0 
7ff16c000000-7ff16c021000 rw-p 00000000 00:00 0 
7ff16c021000-7ff170000000 ---p 00000000 00:00 0 
7ff170000000-7ff1703ad000 rw-p 00000000 00:00 0 
7ff1703ad000-7ff174000000 ---p 00000000 00:00 0 
7ff174000000-7ff1740b4000 rw-p 00000000 00:00 0 
7ff1740b4000-7ff178000000 ---p 00000000 00:00 0 
7ff1780cf000-7ff1780d2000 ---p 00000000 00:00 0 
7ff1780d2000-7ff1781d0000 rw-p 00000000 00:00 0                          [stack:31014]
7ff1781d0000-7ff1781d3000 ---p 00000000 00:00 0 
7ff1781d3000-7ff1782d1000 rw-p 00000000 00:00 0                          [stack:31013]
7ff1782d1000-7ff1782d4000 ---p 00000000 00:00 0 
7ff1782d4000-7ff1783d2000 rw-p 00000000 00:00 0                          [stack:31012]
7ff1783d2000-7ff1783d5000 ---p 00000000 00:00 0 
7ff1783d5000-7ff1784d3000 rw-p 00000000 00:00 0                          [stack:31011]
7ff1784d3000-7ff1784d6000 ---p 00000000 00:00 0 
7ff1784d6000-7ff1785d4000 rw-p 00000000 00:00 0                          [stack:31010]
7ff1785d4000-7ff1785d7000 ---p 00000000 00:00 0 
7ff1785d7000-7ff1786d5000 rw-p 00000000 00:00 0                          [stack:31009]
7ff1786d5000-7ff1786d8000 ---p 00000000 00:00 0 
7ff1786d8000-7ff1787d6000 rw-p 00000000 00:00 0                          [stack:31008]
7ff1787d6000-7ff1787d9000 ---p 00000000 00:00 0 
7ff1787d9000-7ff1788d7000 rw-p 00000000 00:00 0                          [stack:31007]
7ff1788d7000-7ff1788da000 ---p 00000000 00:00 0 
7ff1788da000-7ff1789d8000 rw-p 00000000 00:00 0                          [stack:31006]
7ff1789d8000-7ff1789db000 ---p 00000000 00:00 0 
7ff1789db000-7ff178ad9000 rw-p 00000000 00:00 0                          [stack:31005]
7ff178ad9000-7ff178adc000 ---p 00000000 00:00 0 
7ff178adc000-7ff178bda000 rw-p 00000000 00:00 0                          [stack:31004]
7ff178bda000-7ff178bdd000 ---p 00000000 00:00 0 
7ff178bdd000-7ff178cdb000 rw-p 00000000 00:00 0                          [stack:31003]
7ff178cdb000-7ff178cde000 ---p 00000000 00:00 0 
7ff178cde000-7ff178ddc000 rw-p 00000000 00:00 0                          [stack:31002]
7ff178ddc000-7ff178ddf000 ---p 00000000 00:00 0 
7ff178ddf000-7ff178edd000 rw-p 00000000 00:00 0                          [stack:31001]
7ff178edd000-7ff178ee0000 ---p 00000000 00:00 0 
7ff178ee0000-7ff178fde000 rw-p 00000000 00:00 0                          [stack:31000]
7ff178fde000-7ff178fe1000 ---p 00000000 00:00 0 
7ff178fe1000-7ff1792df000 rw-p 00000000 00:00 0                          [stack:3498]
7ff1792df000-7ff1792e2000 ---p 00000000 00:00 0 
7ff1792e2000-7ff1793e0000 rw-p 00000000 00:00 0                          [stack:30999]
7ff1793e0000-7ff1793e3000 ---p 00000000 00:00 0 
7ff1793e3000-7ff1796e1000 rw-p 00000000 00:00 0                          [stack:30996]
7ff1796e1000-7ff1796e4000 ---p 00000000 00:00 0 
7ff1796e4000-7ff1797e2000 rw-p 00000000 00:00 0                          [stack:30995]
7ff1797e2000-7ff1797e5000 ---p 00000000 00:00 0 
7ff1797e5000-7ff1798e3000 rw-p 00000000 00:00 0                          [stack:30994]
7ff1798e3000-7ff1798e6000 ---p 00000000 00:00 0 
7ff1798e6000-7ff1799e4000 rw-p 00000000 00:00 0                          [stack:30993]
7ff1799e4000-7ff1799e7000 ---p 00000000 00:00 0 
7ff1799e7000-7ff179ae5000 rw-p 00000000 00:00 0                          [stack:30992]
7ff179ae5000-7ff179ae8000 ---p 00000000 00:00 0 
7ff179ae8000-7ff179be6000 rw-p 00000000 00:00 0                          [stack:30991]
7ff179be6000-7ff179be9000 ---p 00000000 00:00 0 
7ff179be9000-7ff179ce7000 rw-p 00000000 00:00 0                          [stack:30990]
7ff179ce7000-7ff179cea000 ---p 00000000 00:00 0 
7ff179cea000-7ff179de8000 rw-p 00000000 00:00 0                          [stack:30989]
7ff179de8000-7ff179deb000 ---p 00000000 00:00 0 
7ff179deb000-7ff179ee9000 rw-p 00000000 00:00 0                          [stack:30988]
7ff179ee9000-7ff179eec000 ---p 00000000 00:00 0 
7ff179eec000-7ff179fea000 rw-p 00000000 00:00 0                          [stack:30987]
7ff179fea000-7ff179fed000 ---p 00000000 00:00 0 
7ff179fed000-7ff17a0eb000 rw-p 00000000 00:00 0                          [stack:30986]
7ff17a0eb000-7ff17a0ee000 ---p 00000000 00:00 0 
7ff17a0ee000-7ff17a1ec000 rw-p 00000000 00:00 0                          [stack:30985]
7ff17a1ec000-7ff17a1ef000 ---p 00000000 00:00 0 
7ff17a1ef000-7ff17a2ed000 rw-p 00000000 00:00 0                          [stack:30984]
7ff17a2ed000-7ff17a2f0000 ---p 00000000 00:00 0 
7ff17a2f0000-7ff17a3ee000 rw-p 00000000 00:00 0                          [stack:30983]
7ff17a3ee000-7ff17a3f1000 ---p 00000000 00:00 0 
7ff17a3f1000-7ff17a4ef000 rw-p 00000000 00:00 0                          [stack:30982]
7ff17a4ef000-7ff17a4f2000 ---p 00000000 00:00 0 
7ff17a4f2000-7ff17a5f0000 rw-p 00000000 00:00 0                          [stack:30981]
7ff17a5f0000-7ff17a5f3000 ---p 00000000 00:00 0 
7ff17a5f3000-7ff17a6f1000 rw-p 00000000 00:00 0                          [stack:30980]
7ff17a6f1000-7ff17a6f4000 ---p 00000000 00:00 0 
7ff17a6f4000-7ff17a7f2000 rw-p 00000000 00:00 0                          [stack:30979]
7ff17a7f2000-7ff17a7f5000 ---p 00000000 00:00 0 
7ff17a7f5000-7ff17a8f3000 rw-p 00000000 00:00 0                          [stack:30978]
7ff17a8f3000-7ff17a8f6000 ---p 00000000 00:00 0 
7ff17a8f6000-7ff17a9f4000 rw-p 00000000 00:00 0                          [stack:30977]
7ff17a9f4000-7ff17a9f7000 ---p 00000000 00:00 0 
7ff17a9f7000-7ff17aaf5000 rw-p 00000000 00:00 0                          [stack:30976]
7ff17aaf5000-7ff17aaf8000 ---p 00000000 00:00 0 
7ff17aaf8000-7ff17abf6000 rw-p 00000000 00:00 0                          [stack:30975]
7ff17abf6000-7ff17abf9000 ---p 00000000 00:00 0 
7ff17abf9000-7ff17acf7000 rw-p 00000000 00:00 0                          [stack:30974]
7ff17acf7000-7ff17acfa000 ---p 00000000 00:00 0 
7ff17acfa000-7ff17adf8000 rw-p 00000000 00:00 0                          [stack:30973]
7ff17adf8000-7ff17adfb000 ---p 00000000 00:00 0 
7ff17adfb000-7ff17aef9000 rw-p 00000000 00:00 0                          [stack:30972]
7ff17aef9000-7ff17aefc000 ---p 00000000 00:00 0 
7ff17aefc000-7ff17affa000 rw-p 00000000 00:00 0                          [stack:30971]
7ff17affa000-7ff17affd000 ---p 00000000 00:00 0 
7ff17affd000-7ff17b0fb000 rw-p 00000000 00:00 0                          [stack:30970]
7ff17b0fb000-7ff17b0fe000 ---p 00000000 00:00 0 
7ff17b0fe000-7ff17b1fc000 rw-p 00000000 00:00 0                          [stack:30969]
7ff17b1fc000-7ff17b1ff000 ---p 00000000 00:00 0 
7ff17b1ff000-7ff17b2fd000 rw-p 00000000 00:00 0                          [stack:30968]
7ff17b2fd000-7ff17b300000 ---p 00000000 00:00 0 
7ff17b300000-7ff17b5fe000 rw-p 00000000 00:00 0                          [stack:30967]
7ff17b5fe000-7ff17b7fe000 rw-p 00000000 00:00 0 
7ff17b7fe000-7ff17b9fe000 rw-p 00000000 00:00 0 
7ff17b9fe000-7ff17bbfe000 rw-p 00000000 00:00 0 
7ff17bbfe000-7ff17bc01000 ---p 00000000 00:00 0 
7ff17bc01000-7ff17c000000 rw-p 00000000 00:00 0                          [stack:30966]
7ff17c000000-7ff17c310000 rw-p 00000000 00:00 0 
7ff17c310000-7ff180000000 ---p 00000000 00:00 0 
7ff18003e000-7ff18005a000 r--s 00393000 08:01 1652306                    /usr/lib/jvm/java-8-oracle/jre/lib/ext/cldrdata.jar
7ff18005a000-7ff18005d000 ---p 00000000 00:00 0 
7ff18005d000-7ff18015b000 rw-p 00000000 00:00 0                          [stack:30965]
7ff18015b000-7ff180171000 r-xp 00000000 08:01 1652227                    /usr/lib/jvm/java-8-oracle/jre/lib/amd64/libnet.so
7ff180171000-7ff180371000 ---p 00016000 08:01 1652227                    /usr/lib/jvm/java-8-oracle/jre/lib/amd64/libnet.so
7ff180371000-7ff180372000 rw-p 00016000 08:01 1652227                    /usr/lib/jvm/java-8-oracle/jre/lib/amd64/libnet.so
7ff180372000-7ff180383000 r-xp 00000000 08:01 1652252                    /usr/lib/jvm/java-8-oracle/jre/lib/amd64/libnio.so
7ff180383000-7ff180582000 ---p 00011000 08:01 1652252                    /usr/lib/jvm/java-8-oracle/jre/lib/amd64/libnio.so
7ff180582000-7ff180583000 rw-p 00010000 08:01 1652252                    /usr/lib/jvm/java-8-oracle/jre/lib/amd64/libnio.so
7ff180583000-7ff180586000 ---p 00000000 00:00 0 
7ff180586000-7ff180684000 rw-p 00000000 00:00 0                          [stack:30964]
7ff180684000-7ff180687000 ---p 00000000 00:00 0 
7ff180687000-7ff18070e000 rw-p 00000000 00:00 0                          [stack:3500]
7ff18070e000-7ff180911000 r--s 01ce3000 00:2a 18228212                   /users/anubhavnidhi/aceso/batfish/projects/allinone/target/allinone-bundle-0.33.0.jar
7ff180911000-7ff180912000 ---p 00000000 00:00 0 
7ff180912000-7ff180a12000 rw-p 00000000 00:00 0 
7ff180a12000-7ff180a15000 ---p 00000000 00:00 0 
7ff180a15000-7ff180b13000 rw-p 00000000 00:00 0                          [stack:30955]
7ff180b13000-7ff180b16000 ---p 00000000 00:00 0 
7ff180b16000-7ff180c14000 rw-p 00000000 00:00 0                          [stack:30954]
7ff180c14000-7ff180c17000 ---p 00000000 00:00 0 
7ff180c17000-7ff180d15000 rw-p 00000000 00:00 0                          [stack:30953]
7ff180d15000-7ff180d18000 ---p 00000000 00:00 0 
7ff180d18000-7ff180e16000 rw-p 00000000 00:00 0                          [stack:30952]
7ff180e16000-7ff180e19000 ---p 00000000 00:00 0 
7ff180e19000-7ff180f17000 rw-p 00000000 00:00 0                          [stack:30951]
7ff180f17000-7ff181237000 r--p 00000000 08:01 1310876                    /usr/lib/locale/locale-archive
7ff181237000-7ff18123a000 ---p 00000000 00:00 0 
7ff18123a000-7ff181338000 rw-p 00000000 00:00 0                          [stack:30950]
7ff181338000-7ff18133b000 ---p 00000000 00:00 0 
7ff18133b000-7ff181439000 rw-p 00000000 00:00 0                          [stack:30949]
7ff181439000-7ff18143a000 ---p 00000000 00:00 0 
7ff18143a000-7ff1824ac000 rw-p 00000000 00:00 0                          [stack:30948]
7ff1824ac000-7ff182686000 r--s 03d4d000 08:01 1652220                    /usr/lib/jvm/java-8-oracle/jre/lib/rt.jar
7ff182686000-7ff187066000 rw-p 00000000 00:00 0 
7ff187066000-7ff187067000 ---p 00000000 00:00 0 
7ff187067000-7ff187167000 rw-p 00000000 00:00 0                          [stack:30947]
7ff187167000-7ff187168000 ---p 00000000 00:00 0 
7ff187168000-7ff187268000 rw-p 00000000 00:00 0                          [stack:30946]
7ff187268000-7ff187269000 ---p 00000000 00:00 0 
7ff187269000-7ff187395000 rw-p 00000000 00:00 0                          [stack:30945]
7ff187395000-7ff1875ff000 ---p 00000000 00:00 0 
7ff1875ff000-7ff18762b000 rw-p 00000000 00:00 0 
7ff18762b000-7ff187894000 ---p 00000000 00:00 0 
7ff187894000-7ff1878f5000 rw-p 00000000 00:00 0 
7ff1878f5000-7ff1879df000 ---p 00000000 00:00 0 
7ff1879df000-7ff187a3d000 rw-p 00000000 00:00 0 
7ff187a3d000-7ff187da0000 ---p 00000000 00:00 0 
7ff187da0000-7ff1894c0000 rwxp 00000000 00:00 0 
7ff1894c0000-7ff196da0000 ---p 00000000 00:00 0 
7ff196da0000-7ff196dba000 r-xp 00000000 08:01 1652250                    /usr/lib/jvm/java-8-oracle/jre/lib/amd64/libzip.so
7ff196dba000-7ff196fba000 ---p 0001a000 08:01 1652250                    /usr/lib/jvm/java-8-oracle/jre/lib/amd64/libzip.so
7ff196fba000-7ff196fbb000 rw-p 0001a000 08:01 1652250                    /usr/lib/jvm/java-8-oracle/jre/lib/amd64/libzip.so
7ff196fbb000-7ff1977c0000 r--s 00000000 08:01 262238                     /var/lib/sss/mc/passwd
7ff1977c0000-7ff1977c8000 r-xp 00000000 08:01 1710879                    /lib/x86_64-linux-gnu/libnss_sss.so.2
7ff1977c8000-7ff1979c7000 ---p 00008000 08:01 1710879                    /lib/x86_64-linux-gnu/libnss_sss.so.2
7ff1979c7000-7ff1979c8000 r--p 00007000 08:01 1710879                    /lib/x86_64-linux-gnu/libnss_sss.so.2
7ff1979c8000-7ff1979c9000 rw-p 00008000 08:01 1710879                    /lib/x86_64-linux-gnu/libnss_sss.so.2
7ff1979c9000-7ff1979d4000 r-xp 00000000 08:01 1703966                    /lib/x86_64-linux-gnu/libnss_files-2.23.so
7ff1979d4000-7ff197bd3000 ---p 0000b000 08:01 1703966                    /lib/x86_64-linux-gnu/libnss_files-2.23.so
7ff197bd3000-7ff197bd4000 r--p 0000a000 08:01 1703966                    /lib/x86_64-linux-gnu/libnss_files-2.23.so
7ff197bd4000-7ff197bd5000 rw-p 0000b000 08:01 1703966                    /lib/x86_64-linux-gnu/libnss_files-2.23.so
7ff197bd5000-7ff197bdb000 rw-p 00000000 00:00 0 
7ff197bdb000-7ff197be6000 r-xp 00000000 08:01 1703963                    /lib/x86_64-linux-gnu/libnss_nis-2.23.so
7ff197be6000-7ff197de5000 ---p 0000b000 08:01 1703963                    /lib/x86_64-linux-gnu/libnss_nis-2.23.so
7ff197de5000-7ff197de6000 r--p 0000a000 08:01 1703963                    /lib/x86_64-linux-gnu/libnss_nis-2.23.so
7ff197de6000-7ff197de7000 rw-p 0000b000 08:01 1703963                    /lib/x86_64-linux-gnu/libnss_nis-2.23.so
7ff197de7000-7ff197dfd000 r-xp 00000000 08:01 1703957                    /lib/x86_64-linux-gnu/libnsl-2.23.so
7ff197dfd000-7ff197ffc000 ---p 00016000 08:01 1703957                    /lib/x86_64-linux-gnu/libnsl-2.23.so
7ff197ffc000-7ff197ffd000 r--p 00015000 08:01 1703957                    /lib/x86_64-linux-gnu/libnsl-2.23.so
7ff197ffd000-7ff197ffe000 rw-p 00016000 08:01 1703957                    /lib/x86_64-linux-gnu/libnsl-2.23.so
7ff197ffe000-7ff198000000 rw-p 00000000 00:00 0 
7ff198000000-7ff1984a1000 rw-p 00000000 00:00 0 
7ff1984a1000-7ff19c000000 ---p 00000000 00:00 0 
7ff19c015000-7ff19c0fb000 rw-p 00000000 00:00 0 
7ff19c0fb000-7ff19c0fc000 ---p 00000000 00:00 0 
7ff19c0fc000-7ff19c1fc000 rw-p 00000000 00:00 0                          [stack:30944]
7ff19c1fc000-7ff19c204000 r-xp 00000000 08:01 1703955                    /lib/x86_64-linux-gnu/libnss_compat-2.23.so
7ff19c204000-7ff19c403000 ---p 00008000 08:01 1703955                    /lib/x86_64-linux-gnu/libnss_compat-2.23.so
7ff19c403000-7ff19c404000 r--p 00007000 08:01 1703955                    /lib/x86_64-linux-gnu/libnss_compat-2.23.so
7ff19c404000-7ff19c405000 rw-p 00008000 08:01 1703955                    /lib/x86_64-linux-gnu/libnss_compat-2.23.so
7ff19c405000-7ff19c430000 r-xp 00000000 08:01 1652276                    /usr/lib/jvm/java-8-oracle/jre/lib/amd64/libjava.so
7ff19c430000-7ff19c62f000 ---p 0002b000 08:01 1652276                    /usr/lib/jvm/java-8-oracle/jre/lib/amd64/libjava.so
7ff19c62f000-7ff19c631000 rw-p 0002a000 08:01 1652276                    /usr/lib/jvm/java-8-oracle/jre/lib/amd64/libjava.so
7ff19c631000-7ff19c63e000 r-xp 00000000 08:01 1652228                    /usr/lib/jvm/java-8-oracle/jre/lib/amd64/libverify.so
7ff19c63e000-7ff19c83e000 ---p 0000d000 08:01 1652228                    /usr/lib/jvm/java-8-oracle/jre/lib/amd64/libverify.so
7ff19c83e000-7ff19c840000 rw-p 0000d000 08:01 1652228                    /usr/lib/jvm/java-8-oracle/jre/lib/amd64/libverify.so
7ff19c840000-7ff19c847000 r-xp 00000000 08:01 1703975                    /lib/x86_64-linux-gnu/librt-2.23.so
7ff19c847000-7ff19ca46000 ---p 00007000 08:01 1703975                    /lib/x86_64-linux-gnu/librt-2.23.so
7ff19ca46000-7ff19ca47000 r--p 00006000 08:01 1703975                    /lib/x86_64-linux-gnu/librt-2.23.so
7ff19ca47000-7ff19ca48000 rw-p 00007000 08:01 1703975                    /lib/x86_64-linux-gnu/librt-2.23.so
7ff19ca48000-7ff19cb50000 r-xp 00000000 08:01 1703972                    /lib/x86_64-linux-gnu/libm-2.23.so
7ff19cb50000-7ff19cd4f000 ---p 00108000 08:01 1703972                    /lib/x86_64-linux-gnu/libm-2.23.so
7ff19cd4f000-7ff19cd50000 r--p 00107000 08:01 1703972                    /lib/x86_64-linux-gnu/libm-2.23.so
7ff19cd50000-7ff19cd51000 rw-p 00108000 08:01 1703972                    /lib/x86_64-linux-gnu/libm-2.23.so
7ff19cd51000-7ff19da24000 r-xp 00000000 08:01 1652279                    /usr/lib/jvm/java-8-oracle/jre/lib/amd64/server/libjvm.so
7ff19da24000-7ff19dc23000 ---p 00cd3000 08:01 1652279                    /usr/lib/jvm/java-8-oracle/jre/lib/amd64/server/libjvm.so
7ff19dc23000-7ff19dcfd000 rw-p 00cd2000 08:01 1652279                    /usr/lib/jvm/java-8-oracle/jre/lib/amd64/server/libjvm.so
7ff19dcfd000-7ff19dd48000 rw-p 00000000 00:00 0 
7ff19dd48000-7ff19df08000 r-xp 00000000 08:01 1703980                    /lib/x86_64-linux-gnu/libc-2.23.so
7ff19df08000-7ff19e107000 ---p 001c0000 08:01 1703980                    /lib/x86_64-linux-gnu/libc-2.23.so
7ff19e107000-7ff19e10b000 r--p 001bf000 08:01 1703980                    /lib/x86_64-linux-gnu/libc-2.23.so
7ff19e10b000-7ff19e10d000 rw-p 001c3000 08:01 1703980                    /lib/x86_64-linux-gnu/libc-2.23.so
7ff19e10d000-7ff19e111000 rw-p 00000000 00:00 0 
7ff19e111000-7ff19e114000 r-xp 00000000 08:01 1703981                    /lib/x86_64-linux-gnu/libdl-2.23.so
7ff19e114000-7ff19e313000 ---p 00003000 08:01 1703981                    /lib/x86_64-linux-gnu/libdl-2.23.so
7ff19e313000-7ff19e314000 r--p 00002000 08:01 1703981                    /lib/x86_64-linux-gnu/libdl-2.23.so
7ff19e314000-7ff19e315000 rw-p 00003000 08:01 1703981                    /lib/x86_64-linux-gnu/libdl-2.23.so
7ff19e315000-7ff19e32a000 r-xp 00000000 08:01 1652265                    /usr/lib/jvm/java-8-oracle/jre/lib/amd64/jli/libjli.so
7ff19e32a000-7ff19e52a000 ---p 00015000 08:01 1652265                    /usr/lib/jvm/java-8-oracle/jre/lib/amd64/jli/libjli.so
7ff19e52a000-7ff19e52b000 rw-p 00015000 08:01 1652265                    /usr/lib/jvm/java-8-oracle/jre/lib/amd64/jli/libjli.so
7ff19e52b000-7ff19e543000 r-xp 00000000 08:01 1703979                    /lib/x86_64-linux-gnu/libpthread-2.23.so
7ff19e543000-7ff19e742000 ---p 00018000 08:01 1703979                    /lib/x86_64-linux-gnu/libpthread-2.23.so
7ff19e742000-7ff19e743000 r--p 00017000 08:01 1703979                    /lib/x86_64-linux-gnu/libpthread-2.23.so
7ff19e743000-7ff19e744000 rw-p 00018000 08:01 1703979                    /lib/x86_64-linux-gnu/libpthread-2.23.so
7ff19e744000-7ff19e748000 rw-p 00000000 00:00 0 
7ff19e748000-7ff19e76e000 r-xp 00000000 08:01 1703976                    /lib/x86_64-linux-gnu/ld-2.23.so
7ff19e77e000-7ff19e788000 r--s 00116000 08:01 1652303                    /usr/lib/jvm/java-8-oracle/jre/lib/ext/localedata.jar
7ff19e788000-7ff19e78d000 r--s 0009a000 08:01 1652201                    /usr/lib/jvm/java-8-oracle/jre/lib/jsse.jar
7ff19e78d000-7ff19e858000 rw-p 00000000 00:00 0 
7ff19e858000-7ff19e85b000 ---p 00000000 00:00 0 
7ff19e85b000-7ff19e95d000 rw-p 00000000 00:00 0                          [stack:30943]
7ff19e961000-7ff19e969000 rw-s 00000000 08:01 1577908                    /tmp/hsperfdata_anubhavnidhi/30942 (deleted)
7ff19e969000-7ff19e96a000 rw-p 00000000 00:00 0 
7ff19e96a000-7ff19e96b000 ---p 00000000 00:00 0 
7ff19e96b000-7ff19e96d000 rw-p 00000000 00:00 0 
7ff19e96d000-7ff19e96e000 r--p 00025000 08:01 1703976                    /lib/x86_64-linux-gnu/ld-2.23.so
7ff19e96e000-7ff19e96f000 rw-p 00026000 08:01 1703976                    /lib/x86_64-linux-gnu/ld-2.23.so
7ff19e96f000-7ff19e970000 rw-p 00000000 00:00 0 
7fff70116000-7fff7013a000 rw-p 00000000 00:00 0                          [stack]
7fff701c6000-7fff701c8000 r--p 00000000 00:00 0                          [vvar]
7fff701c8000-7fff701ca000 r-xp 00000000 00:00 0                          [vdso]
ffffffffff600000-ffffffffff601000 r-xp 00000000 00:00 0                  [vsyscall]

VM Arguments:
java_command: org.batfish.allinone.Main -runmode interactive
java_class_path (initial): /users/anubhavnidhi/aceso/batfish/projects/allinone/target/allinone-bundle-0.33.0.jar:
Launcher Type: SUN_STANDARD

Environment Variables:
JAVA_HOME=/usr/lib/jvm/java-8-oracle
PATH=/usr/local/sbin:/usr/local/bin:/usr/sbin:/usr/bin:/sbin:/bin:/usr/games:/usr/local/games:/usr/lib/jvm/java-8-oracle/bin:/usr/lib/jvm/java-8-oracle/db/bin:/usr/lib/jvm/java-8-oracle/jre/bin
SHELL=/bin/bash

Signal Handlers:
SIGSEGV: [libjvm.so+0xacba10], sa_mask[0]=11111111011111111101111111111110, sa_flags=SA_RESTART|SA_SIGINFO
SIGBUS: [libjvm.so+0xacba10], sa_mask[0]=11111111011111111101111111111110, sa_flags=SA_RESTART|SA_SIGINFO
SIGFPE: [libjvm.so+0x924ba0], sa_mask[0]=11111111011111111101111111111110, sa_flags=SA_RESTART|SA_SIGINFO
SIGPIPE: [libjvm.so+0x924ba0], sa_mask[0]=11111111011111111101111111111110, sa_flags=SA_RESTART|SA_SIGINFO
SIGXFSZ: [libjvm.so+0x924ba0], sa_mask[0]=11111111011111111101111111111110, sa_flags=SA_RESTART|SA_SIGINFO
SIGILL: [libjvm.so+0x924ba0], sa_mask[0]=11111111011111111101111111111110, sa_flags=SA_RESTART|SA_SIGINFO
SIGUSR1: SIG_DFL, sa_mask[0]=00000000000000000000000000000000, sa_flags=none
SIGUSR2: [libjvm.so+0x9263e0], sa_mask[0]=00000000000000000000000000000000, sa_flags=SA_RESTART|SA_SIGINFO
SIGHUP: [libjvm.so+0x9277e0], sa_mask[0]=11111111011111111101111111111110, sa_flags=SA_RESTART|SA_SIGINFO
SIGINT: [libjvm.so+0x9277e0], sa_mask[0]=11111111011111111101111111111110, sa_flags=SA_RESTART|SA_SIGINFO
SIGTERM: [libjvm.so+0x9277e0], sa_mask[0]=11111111011111111101111111111110, sa_flags=SA_RESTART|SA_SIGINFO
SIGQUIT: [libjvm.so+0x9277e0], sa_mask[0]=11111111011111111101111111111110, sa_flags=SA_RESTART|SA_SIGINFO


---------------  S Y S T E M  ---------------

OS:DISTRIB_ID=Ubuntu
DISTRIB_RELEASE=16.04
DISTRIB_CODENAME=xenial
DISTRIB_DESCRIPTION="Ubuntu 16.04.1 LTS"

uname:Linux 4.4.17 #790 SMP Sat Feb 18 13:41:56 CST 2017 x86_64
libc:glibc 2.23 NPTL 2.23 
rlimit: STACK infinity, CORE 0k, NPROC 31610, NOFILE 65536, AS infinity
load average:0.00 0.00 0.09

/proc/meminfo:
MemTotal:        8125524 kB
MemFree:         3046096 kB
MemAvailable:    7155764 kB
Buffers:         1024408 kB
Cached:          2815424 kB
SwapCached:            0 kB
Active:          2648388 kB
Inactive:        1705820 kB
Active(anon):     506976 kB
Inactive(anon):    97780 kB
Active(file):    2141412 kB
Inactive(file):  1608040 kB
Unevictable:        8524 kB
Mlocked:            8524 kB
SwapTotal:        999420 kB
SwapFree:         999392 kB
Dirty:                32 kB
Writeback:             0 kB
AnonPages:        522904 kB
Mapped:            63640 kB
Shmem:             82936 kB
Slab:             662932 kB
SReclaimable:     613620 kB
SUnreclaim:        49312 kB
KernelStack:        4224 kB
PageTables:         6424 kB
NFS_Unstable:          0 kB
Bounce:                0 kB
WritebackTmp:          0 kB
CommitLimit:     5062180 kB
Committed_AS:     762648 kB
VmallocTotal:   34359738367 kB
VmallocUsed:           0 kB
VmallocChunk:          0 kB
HardwareCorrupted:     0 kB
AnonHugePages:    419840 kB
CmaTotal:              0 kB
CmaFree:               0 kB
HugePages_Total:       0
HugePages_Free:        0
HugePages_Rsvd:        0
HugePages_Surp:        0
Hugepagesize:       2048 kB
DirectMap4k:       78784 kB
DirectMap2M:     3020800 kB
DirectMap1G:     5242880 kB


CPU:total 4 (initial active 4) (4 cores per cpu, 2 threads per core) family 6 model 45 stepping 7, cmov, cx8, fxsr, mmx, sse, sse2, sse3, ssse3, sse4.1, sse4.2, popcnt, avx, aes, clmul, ht, tsc, tscinvbit, tscinv

/proc/cpuinfo:
processor	: 0
vendor_id	: GenuineIntel
cpu family	: 6
model		: 45
model name	: Intel(R) Xeon(R) CPU E5-1410 0 @ 2.80GHz
stepping	: 7
microcode	: 0x70d
cpu MHz		: 1262.734
cache size	: 10240 KB
physical id	: 0
siblings	: 4
core id		: 0
cpu cores	: 4
apicid		: 0
initial apicid	: 0
fpu		: yes
fpu_exception	: yes
cpuid level	: 13
wp		: yes
flags		: fpu vme de pse tsc msr pae mce cx8 apic sep mtrr pge mca cmov pat pse36 clflush dts acpi mmx fxsr sse sse2 ss ht tm pbe syscall nx pdpe1gb rdtscp lm constant_tsc arch_perfmon pebs bts rep_good nopl xtopology nonstop_tsc aperfmperf eagerfpu pni pclmulqdq dtes64 monitor ds_cpl vmx smx est tm2 ssse3 cx16 xtpr pdcm pcid dca sse4_1 sse4_2 x2apic popcnt tsc_deadline_timer aes xsave avx lahf_lm arat pln pts dtherm tpr_shadow vnmi flexpriority ept vpid xsaveopt
bugs		:
bogomips	: 5600.05
clflush size	: 64
cache_alignment	: 64
address sizes	: 46 bits physical, 48 bits virtual
power management:

processor	: 1
vendor_id	: GenuineIntel
cpu family	: 6
model		: 45
model name	: Intel(R) Xeon(R) CPU E5-1410 0 @ 2.80GHz
stepping	: 7
microcode	: 0x70d
cpu MHz		: 1225.218
cache size	: 10240 KB
physical id	: 0
siblings	: 4
core id		: 1
cpu cores	: 4
apicid		: 2
initial apicid	: 2
fpu		: yes
fpu_exception	: yes
cpuid level	: 13
wp		: yes
flags		: fpu vme de pse tsc msr pae mce cx8 apic sep mtrr pge mca cmov pat pse36 clflush dts acpi mmx fxsr sse sse2 ss ht tm pbe syscall nx pdpe1gb rdtscp lm constant_tsc arch_perfmon pebs bts rep_good nopl xtopology nonstop_tsc aperfmperf eagerfpu pni pclmulqdq dtes64 monitor ds_cpl vmx smx est tm2 ssse3 cx16 xtpr pdcm pcid dca sse4_1 sse4_2 x2apic popcnt tsc_deadline_timer aes xsave avx lahf_lm arat pln pts dtherm tpr_shadow vnmi flexpriority ept vpid xsaveopt
bugs		:
bogomips	: 5600.05
clflush size	: 64
cache_alignment	: 64
address sizes	: 46 bits physical, 48 bits virtual
power management:

processor	: 2
vendor_id	: GenuineIntel
cpu family	: 6
model		: 45
model name	: Intel(R) Xeon(R) CPU E5-1410 0 @ 2.80GHz
stepping	: 7
microcode	: 0x70d
cpu MHz		: 1433.796
cache size	: 10240 KB
physical id	: 0
siblings	: 4
core id		: 2
cpu cores	: 4
apicid		: 4
initial apicid	: 4
fpu		: yes
fpu_exception	: yes
cpuid level	: 13
wp		: yes
flags		: fpu vme de pse tsc msr pae mce cx8 apic sep mtrr pge mca cmov pat pse36 clflush dts acpi mmx fxsr sse sse2 ss ht tm pbe syscall nx pdpe1gb rdtscp lm constant_tsc arch_perfmon pebs bts rep_good nopl xtopology nonstop_tsc aperfmperf eagerfpu pni pclmulqdq dtes64 monitor ds_cpl vmx smx est tm2 ssse3 cx16 xtpr pdcm pcid dca sse4_1 sse4_2 x2apic popcnt tsc_deadline_timer aes xsave avx lahf_lm arat pln pts dtherm tpr_shadow vnmi flexpriority ept vpid xsaveopt
bugs		:
bogomips	: 5600.05
clflush size	: 64
cache_alignment	: 64
address sizes	: 46 bits physical, 48 bits virtual
power management:

processor	: 3
vendor_id	: GenuineIntel
cpu family	: 6
model		: 45
model name	: Intel(R) Xeon(R) CPU E5-1410 0 @ 2.80GHz
stepping	: 7
microcode	: 0x70d
cpu MHz		: 1199.953
cache size	: 10240 KB
physical id	: 0
siblings	: 4
core id		: 3
cpu cores	: 4
apicid		: 6
initial apicid	: 6
fpu		: yes
fpu_exception	: yes
cpuid level	: 13
wp		: yes
flags		: fpu vme de pse tsc msr pae mce cx8 apic sep mtrr pge mca cmov pat pse36 clflush dts acpi mmx fxsr sse sse2 ss ht tm pbe syscall nx pdpe1gb rdtscp lm constant_tsc arch_perfmon pebs bts rep_good nopl xtopology nonstop_tsc aperfmperf eagerfpu pni pclmulqdq dtes64 monitor ds_cpl vmx smx est tm2 ssse3 cx16 xtpr pdcm pcid dca sse4_1 sse4_2 x2apic popcnt tsc_deadline_timer aes xsave avx lahf_lm arat pln pts dtherm tpr_shadow vnmi flexpriority ept vpid xsaveopt
bugs		:
bogomips	: 5600.05
clflush size	: 64
cache_alignment	: 64
address sizes	: 46 bits physical, 48 bits virtual
power management:



Memory: 4k page, physical 8125524k(3046096k free), swap 999420k(999392k free)

vm_info: Java HotSpot(TM) 64-Bit Server VM (25.144-b01) for linux-amd64 JRE (1.8.0_144-b01), built on Jul 21 2017 21:57:33 by "java_re" with gcc 4.3.0 20080428 (Red Hat 4.3.0-8)

time: Thu Jan 11 12:27:42 2018
elapsed time: 4292 seconds (0d 1h 11m 32s)

